This is pdfTeX, Version 3.141592653-2.6-1.40.25 (TeX Live 2023/Debian) (preloaded format=latex 2026.3.19)  20 MAR 2026 12:25
entering extended mode
 restricted \write18 enabled.
 %&-line parsing enabled.
**quit
(/usr/share/texlive/texmf-dist/tex/latex/tools/x.tex
! Interruption.
<to be read again> 
                   \immediate 
l.1 
    %%
? x
 
Here is how much of TeX's memory you used:
 8 strings out of 474223
 255 string characters out of 5748759
 1922972 words of memory out of 5000000
 22359 multiletter control sequences out of 15000+600000
 558069 words of font info for 36 fonts, out of 8000000 for 9000
 1141 hyphenation exceptions out of 8191
 4i,0n,0p,11b,6s stack positions out of 10000i,1000n,20000p,200000b,200000s
No pages of output.
